[2025-05-12 18:37:16] Error: The magic method PHPFramework\Database::__wakeup() must have public visibility
File: /opt/lampp/htdocs/api_project/core/Database.php
Line: 32
++++++++++++++++++++++++++++
[2025-05-12 18:39:35] Error: Division by zero
File: /opt/lampp/htdocs/api_project/app/Views/user/register.php
Line: 40
++++++++++++++++++++++++++++
[2025-05-12 18:40:03] Error: Division by zero
File: /opt/lampp/htdocs/api_project/app/Views/user/register.php
Line: 40
++++++++++++++++++++++++++++
[2025-05-12 18:40:06] Error: Division by zero
File: /opt/lampp/htdocs/api_project/app/Views/user/register.php
Line: 40
++++++++++++++++++++++++++++
[2025-05-12 18:40:14] Error: Division by zero
File: /opt/lampp/htdocs/api_project/app/Views/user/register.php
Line: 40
++++++++++++++++++++++++++++
[2025-06-09 20:08:13] DB connetion error: SQLSTATE[HY000] [1049] Unknown database 'framework'
[2025-06-09 20:09:05] DB connetion error: SQLSTATE[HY000] [1049] Unknown database 'framework'
[2025-06-09 20:11:02] DB connetion error: SQLSTATE[HY000] [1049] Unknown database 'framework'
[2025-06-09 20:13:04] DB connetion error: SQLSTATE[HY000] [1049] Unknown database 'framework'
[2025-06-09 20:15:55] DB connetion error: SQLSTATE[HY000] [1049] Unknown database 'framework'
